# JRE version: Java(TM) SE Runtime Environment (8.0_111-b14) (build 1.8.0_111-b14)
# Java VM: Java HotSpot(TM) 64-Bit Server VM (25.111-b14 mixed mode windows-amd64 compressed oops)
Heap:
 PSYoungGen      total 412672K, used 164904K [0x00000000d5e00000, 0x00000000f4680000, 0x0000000100000000)
  eden space 328704K, 46% used [0x00000000d5e00000,0x00000000df1b0d38,0x00000000e9f00000)
  from space 83968K, 16% used [0x00000000e9f00000,0x00000000eac593e8,0x00000000ef100000)
  to   space 77312K, 0% used [0x00000000efb00000,0x00000000efb00000,0x00000000f4680000)
 ParOldGen       total 1106944K, used 974026K [0x0000000081a00000, 0x00000000c5300000, 0x00000000d5e00000)
  object space 1106944K, 87% used [0x0000000081a00000,0x00000000bd132a88,0x00000000c5300000)
 Metaspace       used 14719K, capacity 15228K, committed 15488K, reserved 1062912K
  class space    used 1989K, capacity 2113K, committed 2176K, reserved 1048576K
GC Heap History (10 events):
Event: 725.993 GC heap before
{Heap before GC invocations=961 (full 6):
 PSYoungGen      total 400896K, used 305679K [0x00000000d5e00000, 0x00000000f5c00000, 0x0000000100000000)
  eden space 296960K, 99% used [0x00000000d5e00000,0x00000000e7e662a0,0x00000000e8000000)
  from space 103936K, 9% used [0x00000000ef680000,0x00000000f009dcb8,0x00000000f5c00000)
  to   space 112640K, 0% used [0x00000000e8000000,0x00000000e8000000,0x00000000eee00000)
 ParOldGen       total 1106944K, used 974026K [0x0000000081a00000, 0x00000000c5300000, 0x00000000d5e00000)
  object space 1106944K, 87% used [0x0000000081a00000,0x00000000bd132a88,0x00000000c5300000)
 Metaspace       used 14701K, capacity 15164K, committed 15488K, reserved 1062912K
  class space    used 1989K, capacity 2113K, committed 2176K, reserved 1048576K
Event: 726.000 GC heap after
Heap after GC invocations=961 (full 6):
 PSYoungGen      total 409600K, used 11144K [0x00000000d5e00000, 0x00000000f5b00000, 0x0000000100000000)
  eden space 296960K, 0% used [0x00000000d5e00000,0x00000000d5e00000,0x00000000e8000000)
  from space 112640K, 9% used [0x00000000e8000000,0x00000000e8ae2158,0x00000000eee00000)
  to   space 104448K, 0% used [0x00000000ef500000,0x00000000ef500000,0x00000000f5b00000)
 ParOldGen       total 1106944K, used 974026K [0x0000000081a00000, 0x00000000c5300000, 0x00000000d5e00000)
  object space 1106944K, 87% used [0x0000000081a00000,0x00000000bd132a88,0x00000000c5300000)
 Metaspace       used 14701K, capacity 15164K, committed 15488K, reserved 1062912K
  class space    used 1989K, capacity 2113K, committed 2176K, reserved 1048576K
}
Event: 726.090 GC heap before
{Heap before GC invocations=962 (full 6):
 PSYoungGen      total 409600K, used 305129K [0x00000000d5e00000, 0x00000000f5b00000, 0x0000000100000000)
  eden space 296960K, 98% used [0x00000000d5e00000,0x00000000e7d185a0,0x00000000e8000000)
  from space 112640K, 9% used [0x00000000e8000000,0x00000000e8ae2158,0x00000000eee00000)
  to   space 104448K, 0% used [0x00000000ef500000,0x00000000ef500000,0x00000000f5b00000)
 ParOldGen       total 1106944K, used 974026K [0x0000000081a00000, 0x00000000c5300000, 0x00000000d5e00000)
  object space 1106944K, 87% used [0x0000000081a00000,0x00000000bd132a88,0x00000000c5300000)
 Metaspace       used 14701K, capacity 15164K, committed 15488K, reserved 1062912K
  class space    used 1989K, capacity 2113K, committed 2176K, reserved 1048576K
Event: 726.101 GC heap after
Heap after GC invocations=962 (full 6):
 PSYoungGen      total 401408K, used 11837K [0x00000000d5e00000, 0x00000000f4c00000, 0x0000000100000000)
  eden space 312320K, 0% used [0x00000000d5e00000,0x00000000d5e00000,0x00000000e8f00000)
  from space 89088K, 13% used [0x00000000ef500000,0x00000000f008f6c8,0x00000000f4c00000)
  to   space 96768K, 0% used [0x00000000e8f00000,0x00000000e8f00000,0x00000000eed80000)
 ParOldGen       total 1106944K, used 974026K [0x0000000081a00000, 0x00000000c5300000, 0x00000000d5e00000)
  object space 1106944K, 87% used [0x0000000081a00000,0x00000000bd132a88,0x00000000c5300000)
 Metaspace       used 14701K, capacity 15164K, committed 15488K, reserved 1062912K
  class space    used 1989K, capacity 2113K, committed 2176K, reserved 1048576K
}
Event: 726.197 GC heap before
{Heap before GC invocations=963 (full 6):
 PSYoungGen      total 401408K, used 320835K [0x00000000d5e00000, 0x00000000f4c00000, 0x0000000100000000)
  eden space 312320K, 98% used [0x00000000d5e00000,0x00000000e8bc16b8,0x00000000e8f00000)
  from space 89088K, 13% used [0x00000000ef500000,0x00000000f008f6c8,0x00000000f4c00000)
  to   space 96768K, 0% used [0x00000000e8f00000,0x00000000e8f00000,0x00000000eed80000)
 ParOldGen       total 1106944K, used 974026K [0x0000000081a00000, 0x00000000c5300000, 0x00000000d5e00000)
  object space 1106944K, 87% used [0x0000000081a00000,0x00000000bd132a88,0x00000000c5300000)
 Metaspace       used 14701K, capacity 15164K, committed 15488K, reserved 1062912K
  class space    used 1989K, capacity 2113K, committed 2176K, reserved 1048576K
Event: 726.209 GC heap after
Heap after GC invocations=963 (full 6):
 PSYoungGen      total 409088K, used 8897K [0x00000000d5e00000, 0x00000000f5080000, 0x0000000100000000)
  eden space 312320K, 0% used [0x00000000d5e00000,0x00000000d5e00000,0x00000000e8f00000)
  from space 96768K, 9% used [0x00000000e8f00000,0x00000000e97b0658,0x00000000eed80000)
  to   space 90624K, 0% used [0x00000000ef800000,0x00000000ef800000,0x00000000f5080000)
 ParOldGen       total 1106944K, used 974026K [0x0000000081a00000, 0x00000000c5300000, 0x00000000d5e00000)
  object space 1106944K, 87% used [0x0000000081a00000,0x00000000bd132a88,0x00000000c5300000)
 Metaspace       used 14701K, capacity 15164K, committed 15488K, reserved 1062912K
  class space    used 1989K, capacity 2113K, committed 2176K, reserved 1048576K
}
Event: 726.301 GC heap before
{Heap before GC invocations=964 (full 6):
 PSYoungGen      total 409088K, used 319243K [0x00000000d5e00000, 0x00000000f5080000, 0x0000000100000000)
  eden space 312320K, 99% used [0x00000000d5e00000,0x00000000e8d12600,0x00000000e8f00000)
  from space 96768K, 9% used [0x00000000e8f00000,0x00000000e97b0658,0x00000000eed80000)
  to   space 90624K, 0% used [0x00000000ef800000,0x00000000ef800000,0x00000000f5080000)
 ParOldGen       total 1106944K, used 974026K [0x0000000081a00000, 0x00000000c5300000, 0x00000000d5e00000)
  object space 1106944K, 87% used [0x0000000081a00000,0x00000000bd132a88,0x00000000c5300000)
 Metaspace       used 14701K, capacity 15164K, committed 15488K, reserved 1062912K
  class space    used 1989K, capacity 2113K, committed 2176K, reserved 1048576K
Event: 726.311 GC heap after
Heap after GC invocations=964 (full 6):
 PSYoungGen      total 405504K, used 13107K [0x00000000d5e00000, 0x00000000f4300000, 0x0000000100000000)
  eden space 328704K, 0% used [0x00000000d5e00000,0x00000000d5e00000,0x00000000e9f00000)
  from space 76800K, 17% used [0x00000000ef800000,0x00000000f04cced8,0x00000000f4300000)
  to   space 83968K, 0% used [0x00000000e9f00000,0x00000000e9f00000,0x00000000ef100000)
 ParOldGen       total 1106944K, used 974026K [0x0000000081a00000, 0x00000000c5300000, 0x00000000d5e00000)
  object space 1106944K, 87% used [0x0000000081a00000,0x00000000bd132a88,0x00000000c5300000)
 Metaspace       used 14701K, capacity 15164K, committed 15488K, reserved 1062912K
  class space    used 1989K, capacity 2113K, committed 2176K, reserved 1048576K
}
Event: 726.420 GC heap before
{Heap before GC invocations=965 (full 6):
 PSYoungGen      total 405504K, used 338536K [0x00000000d5e00000, 0x00000000f4300000, 0x0000000100000000)
  eden space 328704K, 99% used [0x00000000d5e00000,0x00000000e9bcd138,0x00000000e9f00000)
  from space 76800K, 17% used [0x00000000ef800000,0x00000000f04cced8,0x00000000f4300000)
  to   space 83968K, 0% used [0x00000000e9f00000,0x00000000e9f00000,0x00000000ef100000)
 ParOldGen       total 1106944K, used 974026K [0x0000000081a00000, 0x00000000c5300000, 0x00000000d5e00000)
  object space 1106944K, 87% used [0x0000000081a00000,0x00000000bd132a88,0x00000000c5300000)
 Metaspace       used 14701K, capacity 15164K, committed 15488K, reserved 1062912K
  class space    used 1989K, capacity 2113K, committed 2176K, reserved 1048576K
Event: 726.428 GC heap after
Heap after GC invocations=965 (full 6):
 PSYoungGen      total 412672K, used 13668K [0x00000000d5e00000, 0x00000000f4680000, 0x0000000100000000)
  eden space 328704K, 0% used [0x00000000d5e00000,0x00000000d5e00000,0x00000000e9f00000)
  from space 83968K, 16% used [0x00000000e9f00000,0x00000000eac593e8,0x00000000ef100000)
  to   space 77312K, 0% used [0x00000000efb00000,0x00000000efb00000,0x00000000f4680000)
 ParOldGen       total 1106944K, used 974026K [0x0000000081a00000, 0x00000000c5300000, 0x00000000d5e00000)
  object space 1106944K, 87% used [0x0000000081a00000,0x00000000bd132a88,0x00000000c5300000)
 Metaspace       used 14701K, capacity 15164K, committed 15488K, reserved 1062912K
  class space    used 1989K, capacity 2113K, committed 2176K, reserved 1048576K
}

